<?xml version="1.0" encoding="UTF-8"?>
<!-- Generated by org.testng.reporters.JUnitReportReporter -->
<testsuite hostname="Bughra" failures="0" tests="2" name="RestAPI.SetupRestAssured" time="3.103" errors="0" timestamp="2023-08-23T22:50:34 CDT" skipped="0">
  <testcase classname="RestAPI.SetupRestAssured" name="getUsersTest" time="2.682"/>
  <testcase classname="RestAPI.SetupRestAssured" name="postUsersTest" time="0.421"/>
</testsuite> <!-- RestAPI.SetupRestAssured -->
