<?xml version="1.0" encoding="UTF-8"?>
<!-- Generated by org.testng.reporters.JUnitReportReporter -->
<testsuite hostname="hakania" failures="0" tests="4" name="tests.GridTest1" time="109.310" errors="0" timestamp="2022-01-01T14:04:54 PST" skipped="0">
  <testcase classname="tests.GridTest1" name="test1" time="5.194"/>
  <system-out/>
  <testcase classname="tests.GridTest1" name="test3" time="78.258"/>
  <system-out/>
  <testcase classname="tests.GridTest1" name="test2" time="15.205"/>
  <system-out/>
  <testcase classname="tests.GridTest1" name="test4" time="10.653"/>
  <system-out/>
</testsuite> <!-- tests.GridTest1 -->
