<?xml version="1.0" encoding="UTF-8"?>
<!-- Generated by org.testng.reporters.JUnitReportReporter -->
<testsuite hostname="Bughra" failures="0" tests="1" name="Rest_API.Test01_Get" time="0.016" errors="0" timestamp="2023-08-23T22:35:14 CDT" skipped="0">
  <testcase classname="Rest_API.Test01_Get" name="test01" time="0.016"/>
</testsuite> <!-- Rest_API.Test01_Get -->
