<?xml version="1.0" encoding="UTF-8"?>
<!-- Generated by org.testng.reporters.JUnitReportReporter -->
<testsuite hostname="Bughra" failures="0" tests="1" name="pages.AmazonHomePageTest" time="0.013" errors="0" timestamp="2023-08-23T22:54:52 CDT" skipped="0">
  <testcase classname="pages.AmazonHomePageTest" name="test1" time="0.013"/>
</testsuite> <!-- pages.AmazonHomePageTest -->
