<?xml version="1.0" encoding="UTF-8"?>
<!-- Generated by org.testng.reporters.JUnitReportReporter -->
<testsuite hostname="hakania" failures="0" tests="1" name="pages.AmazonTest1" time="0.019" errors="0" timestamp="2022-01-01T20:53:37 PST" skipped="0">
  <testcase classname="pages.AmazonTest1" name="test1" time="0.019"/>
  <system-out/>
</testsuite> <!-- pages.AmazonTest1 -->
